<?xml version="1.0" encoding="UTF-8"?>
<!-- Generated by org.testng.reporters.JUnitXMLReporter -->
<testsuite ignored="0" hostname="Sonys-Air.fritz.box" failures="0" tests="1" name="MavenProject" time="0.242" errors="0" timestamp="26 Sep 2019 18:21:01 GMT">
  <testcase classname="com.learningmavenproject.testCases.BaseClass" name="@BeforeClass setup" time="0.184">
    <failure type="java.lang.NullPointerException">
      <![CDATA[java.lang.NullPointerException
at com.learningmavenproject.testCases.BaseClass.setup(BaseClass.java:55)
... Removed 26 stack frames]]>
    </failure>
  </testcase> <!-- @BeforeClass setup -->
  <testcase classname="com.learningmavenproject.testCases.BaseClass" name="@AfterClass tearDown" time="0.0">
    <skipped/>
  </testcase> <!-- @AfterClass tearDown -->
  <testcase classname="com.learningmavenproject.testCases.TC_LogInTest_001" name="loginTest" time="0.0">
    <skipped/>
  </testcase> <!-- loginTest -->
</testsuite> <!-- MavenProject -->
