<?xml version="1.0" encoding="UTF-8"?>
<!-- Generated by org.testng.reporters.JUnitXMLReporter -->
<testsuite ignored="0" hostname="Sonys-Air.fritz.box" failures="2" tests="4" name="MavenLearning Test" time="13.584" errors="0" timestamp="27 Sep 2019 15:37:01 GMT">
  <testcase classname="com.learningmavenproject.testCases.TC_LoginDDT2_002" name="loginDDT" time="2.377"/>
  <testcase classname="com.learningmavenproject.testCases.TC_LoginDDT2_002" name="loginDDT" time="1.22">
    <failure type="java.lang.AssertionError" message="expected [true] but found [false]">
      <![CDATA[java.lang.AssertionError: expected [true] but found [false]
at com.learningmavenproject.testCases.TC_LoginDDT2_002.loginDDT(TC_LoginDDT2_002.java:28)
... Removed 29 stack frames]]>
    </failure>
  </testcase> <!-- loginDDT -->
  <testcase classname="com.learningmavenproject.testCases.TC_LoginDDT2_002" name="loginDDT" time="2.227"/>
  <testcase classname="com.learningmavenproject.testCases.TC_LoginDDT2_002" name="loginDDT" time="1.394">
    <failure type="java.lang.AssertionError" message="expected [true] but found [false]">
      <![CDATA[java.lang.AssertionError: expected [true] but found [false]
at com.learningmavenproject.testCases.TC_LoginDDT2_002.loginDDT(TC_LoginDDT2_002.java:28)
... Removed 29 stack frames]]>
    </failure>
  </testcase> <!-- loginDDT -->
</testsuite> <!-- MavenLearning Test -->
