<?xml version="1.0" encoding="UTF-8"?>
<testng-results ignored="0" total="1" passed="1" failed="0" skipped="0">
  <reporter-output>
  </reporter-output>
  <suite started-at="2019-09-26T21:01:01Z" name="MavenLearningProject" finished-at="2019-09-26T21:01:08Z" duration-ms="6962">
    <groups>
    </groups>
    <test started-at="2019-09-26T21:01:01Z" name="MavenLearning Test" finished-at="2019-09-26T21:01:08Z" duration-ms="6962">
      <class name="com.learningmavenproject.testCases.TC_LogInTest_001">
        <test-method is-config="true" signature="setup(java.lang.String)[pri:0, instance:com.learningmavenproject.testCases.TC_LogInTest_001@2ed0fbae]" started-at="2019-09-26T21:01:01Z" name="setup" finished-at="2019-09-26T21:01:06Z" duration-ms="5689" status="PASS">
          <params>
            <param index="0">
              <value>
                <![CDATA[chrome]]>
              </value>
            </param>
          </params>
          <reporter-output>
          </reporter-output>
        </test-method> <!-- setup -->
        <test-method signature="loginTest()[pri:0, instance:com.learningmavenproject.testCases.TC_LogInTest_001@2ed0fbae]" started-at="2019-09-26T21:01:06Z" name="loginTest" finished-at="2019-09-26T21:01:08Z" duration-ms="1079" status="PASS">
          <reporter-output>
          </reporter-output>
        </test-method> <!-- loginTest -->
        <test-method is-config="true" signature="tearDown()[pri:0, instance:com.learningmavenproject.testCases.TC_LogInTest_001@2ed0fbae]" started-at="2019-09-26T21:01:08Z" name="tearDown" finished-at="2019-09-26T21:01:08Z" duration-ms="141" status="PASS">
          <reporter-output>
          </reporter-output>
        </test-method> <!-- tearDown -->
      </class> <!-- com.learningmavenproject.testCases.TC_LogInTest_001 -->
    </test> <!-- MavenLearning Test -->
  </suite> <!-- MavenLearningProject -->
</testng-results>
